<?xml version="1.0" encoding="UTF-8"?>
<!-- Generated by org.testng.reporters.JUnitReportReporter -->
<testsuite hostname="DESKTOP-0G5NU63" failures="0" tests="3" name="Project3.ReqResTest" time="2.189" errors="0" timestamp="28 Sept 2024 18:35:31 GMT" skipped="0">
  <testcase classname="Project3.ReqResTest" name="TestSingleEmployee" time="0.079"/>
  <testcase classname="Project3.ReqResTest" name="TestAllEmployee" time="1.805"/>
  <testcase classname="Project3.ReqResTest" name="TestPostEmployee" time="0.305"/>
</testsuite> <!-- Project3.ReqResTest -->
